CRITICAL - 2023-06-22 09:25:22 --> Class "App\Controllers\Controller" not found
in APPPATH\Controllers\LayoutingController.php on line 5.
 1 SYSTEMPATH\Autoloader\Autoloader.php(312): include_once()
 2 SYSTEMPATH\Autoloader\Autoloader.php(289): CodeIgniter\Autoloader\Autoloader->includeFile('C:\\xampp\\htdocs\\praktikum-web\\app\\Controllers\\LayoutingController.php')
 3 SYSTEMPATH\Autoloader\Autoloader.php(267): CodeIgniter\Autoloader\Autoloader->loadInNamespace('App\\Controllers\\LayoutingController')
 4 [internal function]: CodeIgniter\Autoloader\Autoloader->loadClass('App\\Controllers\\LayoutingController')
 5 SYSTEMPATH\CodeIgniter.php(892): class_exists('\\App\\Controllers\\LayoutingController', true)
 6 SYSTEMPATH\CodeIgniter.php(486): CodeIgniter\CodeIgniter->startController()
 7 SYSTEMPATH\CodeIgniter.php(368): CodeIgniter\CodeIgniter->handleRequest(null, Object(Config\Cache), false)
 8 FCPATH\index.php(67): CodeIgniter\CodeIgniter->run()
 9 SYSTEMPATH\Commands\Server\rewrite.php(47): require_once('C:\\xampp\\htdocs\\praktikum-web\\public\\index.php')
CRITICAL - 2023-06-22 09:29:42 --> Class "App\Controllers\Controller" not found
in APPPATH\Controllers\LayoutingController.php on line 5.
 1 SYSTEMPATH\Autoloader\Autoloader.php(312): include_once()
 2 SYSTEMPATH\Autoloader\Autoloader.php(289): CodeIgniter\Autoloader\Autoloader->includeFile('C:\\xampp\\htdocs\\praktikum-web\\app\\Controllers\\LayoutingController.php')
 3 SYSTEMPATH\Autoloader\Autoloader.php(267): CodeIgniter\Autoloader\Autoloader->loadInNamespace('App\\Controllers\\LayoutingController')
 4 [internal function]: CodeIgniter\Autoloader\Autoloader->loadClass('App\\Controllers\\LayoutingController')
 5 SYSTEMPATH\CodeIgniter.php(892): class_exists('\\App\\Controllers\\LayoutingController', true)
 6 SYSTEMPATH\CodeIgniter.php(486): CodeIgniter\CodeIgniter->startController()
 7 SYSTEMPATH\CodeIgniter.php(368): CodeIgniter\CodeIgniter->handleRequest(null, Object(Config\Cache), false)
 8 FCPATH\index.php(67): CodeIgniter\CodeIgniter->run()
 9 SYSTEMPATH\Commands\Server\rewrite.php(47): require_once('C:\\xampp\\htdocs\\praktikum-web\\public\\index.php')
CRITICAL - 2023-06-22 09:32:09 --> Class "App\Controllers\Controller" not found
in APPPATH\Controllers\LayoutingController.php on line 5.
 1 SYSTEMPATH\Autoloader\Autoloader.php(312): include_once()
 2 SYSTEMPATH\Autoloader\Autoloader.php(289): CodeIgniter\Autoloader\Autoloader->includeFile('C:\\xampp\\htdocs\\praktikum-web\\app\\Controllers\\LayoutingController.php')
 3 SYSTEMPATH\Autoloader\Autoloader.php(267): CodeIgniter\Autoloader\Autoloader->loadInNamespace('App\\Controllers\\LayoutingController')
 4 [internal function]: CodeIgniter\Autoloader\Autoloader->loadClass('App\\Controllers\\LayoutingController')
 5 SYSTEMPATH\CodeIgniter.php(892): class_exists('\\App\\Controllers\\LayoutingController', true)
 6 SYSTEMPATH\CodeIgniter.php(486): CodeIgniter\CodeIgniter->startController()
 7 SYSTEMPATH\CodeIgniter.php(368): CodeIgniter\CodeIgniter->handleRequest(null, Object(Config\Cache), false)
 8 FCPATH\index.php(67): CodeIgniter\CodeIgniter->run()
 9 SYSTEMPATH\Commands\Server\rewrite.php(47): require_once('C:\\xampp\\htdocs\\praktikum-web\\public\\index.php')
CRITICAL - 2023-06-22 17:33:45 --> Class "App\Controllers\Controller" not found
in APPPATH\Controllers\LayoutingController.php on line 5.
 1 SYSTEMPATH\Autoloader\Autoloader.php(312): include_once()
 2 SYSTEMPATH\Autoloader\Autoloader.php(289): CodeIgniter\Autoloader\Autoloader->includeFile('C:\\xampp\\htdocs\\praktikum-web\\app\\Controllers\\LayoutingController.php')
 3 SYSTEMPATH\Autoloader\Autoloader.php(267): CodeIgniter\Autoloader\Autoloader->loadInNamespace('App\\Controllers\\LayoutingController')
 4 [internal function]: CodeIgniter\Autoloader\Autoloader->loadClass('App\\Controllers\\LayoutingController')
 5 SYSTEMPATH\CodeIgniter.php(892): class_exists('\\App\\Controllers\\LayoutingController', true)
 6 SYSTEMPATH\CodeIgniter.php(486): CodeIgniter\CodeIgniter->startController()
 7 SYSTEMPATH\CodeIgniter.php(368): CodeIgniter\CodeIgniter->handleRequest(null, Object(Config\Cache), false)
 8 FCPATH\index.php(67): CodeIgniter\CodeIgniter->run()
 9 SYSTEMPATH\Commands\Server\rewrite.php(47): require_once('C:\\xampp\\htdocs\\praktikum-web\\public\\index.php')
CRITICAL - 2023-06-22 17:35:43 --> Class "App\Controllers\Controllers" not found
in APPPATH\Controllers\LayoutingController.php on line 5.
 1 SYSTEMPATH\Autoloader\Autoloader.php(312): include_once()
 2 SYSTEMPATH\Autoloader\Autoloader.php(289): CodeIgniter\Autoloader\Autoloader->includeFile('C:\\xampp\\htdocs\\praktikum-web\\app\\Controllers\\LayoutingController.php')
 3 SYSTEMPATH\Autoloader\Autoloader.php(267): CodeIgniter\Autoloader\Autoloader->loadInNamespace('App\\Controllers\\LayoutingController')
 4 [internal function]: CodeIgniter\Autoloader\Autoloader->loadClass('App\\Controllers\\LayoutingController')
 5 SYSTEMPATH\CodeIgniter.php(892): class_exists('\\App\\Controllers\\LayoutingController', true)
 6 SYSTEMPATH\CodeIgniter.php(486): CodeIgniter\CodeIgniter->startController()
 7 SYSTEMPATH\CodeIgniter.php(368): CodeIgniter\CodeIgniter->handleRequest(null, Object(Config\Cache), false)
 8 FCPATH\index.php(67): CodeIgniter\CodeIgniter->run()
 9 SYSTEMPATH\Commands\Server\rewrite.php(47): require_once('C:\\xampp\\htdocs\\praktikum-web\\public\\index.php')
CRITICAL - 2023-06-22 17:35:48 --> Class "App\Controllers\Controllers" not found
in APPPATH\Controllers\LayoutingController.php on line 5.
 1 SYSTEMPATH\Autoloader\Autoloader.php(312): include_once()
 2 SYSTEMPATH\Autoloader\Autoloader.php(289): CodeIgniter\Autoloader\Autoloader->includeFile('C:\\xampp\\htdocs\\praktikum-web\\app\\Controllers\\LayoutingController.php')
 3 SYSTEMPATH\Autoloader\Autoloader.php(267): CodeIgniter\Autoloader\Autoloader->loadInNamespace('App\\Controllers\\LayoutingController')
 4 [internal function]: CodeIgniter\Autoloader\Autoloader->loadClass('App\\Controllers\\LayoutingController')
 5 SYSTEMPATH\CodeIgniter.php(892): class_exists('\\App\\Controllers\\LayoutingController', true)
 6 SYSTEMPATH\CodeIgniter.php(486): CodeIgniter\CodeIgniter->startController()
 7 SYSTEMPATH\CodeIgniter.php(368): CodeIgniter\CodeIgniter->handleRequest(null, Object(Config\Cache), false)
 8 FCPATH\index.php(67): CodeIgniter\CodeIgniter->run()
 9 SYSTEMPATH\Commands\Server\rewrite.php(47): require_once('C:\\xampp\\htdocs\\praktikum-web\\public\\index.php')
CRITICAL - 2023-06-22 17:35:48 --> Class "App\Controllers\Controllers" not found
in APPPATH\Controllers\LayoutingController.php on line 5.
 1 SYSTEMPATH\Autoloader\Autoloader.php(312): include_once()
 2 SYSTEMPATH\Autoloader\Autoloader.php(289): CodeIgniter\Autoloader\Autoloader->includeFile('C:\\xampp\\htdocs\\praktikum-web\\app\\Controllers\\LayoutingController.php')
 3 SYSTEMPATH\Autoloader\Autoloader.php(267): CodeIgniter\Autoloader\Autoloader->loadInNamespace('App\\Controllers\\LayoutingController')
 4 [internal function]: CodeIgniter\Autoloader\Autoloader->loadClass('App\\Controllers\\LayoutingController')
 5 SYSTEMPATH\CodeIgniter.php(892): class_exists('\\App\\Controllers\\LayoutingController', true)
 6 SYSTEMPATH\CodeIgniter.php(486): CodeIgniter\CodeIgniter->startController()
 7 SYSTEMPATH\CodeIgniter.php(368): CodeIgniter\CodeIgniter->handleRequest(null, Object(Config\Cache), false)
 8 FCPATH\index.php(67): CodeIgniter\CodeIgniter->run()
 9 SYSTEMPATH\Commands\Server\rewrite.php(47): require_once('C:\\xampp\\htdocs\\praktikum-web\\public\\index.php')
CRITICAL - 2023-06-22 17:38:15 --> Class "App\Controllers\Controller" not found
in APPPATH\Controllers\LayoutingController.php on line 5.
 1 SYSTEMPATH\Autoloader\Autoloader.php(312): include_once()
 2 SYSTEMPATH\Autoloader\Autoloader.php(289): CodeIgniter\Autoloader\Autoloader->includeFile('C:\\xampp\\htdocs\\praktikum-web\\app\\Controllers\\LayoutingController.php')
 3 SYSTEMPATH\Autoloader\Autoloader.php(267): CodeIgniter\Autoloader\Autoloader->loadInNamespace('App\\Controllers\\LayoutingController')
 4 [internal function]: CodeIgniter\Autoloader\Autoloader->loadClass('App\\Controllers\\LayoutingController')
 5 SYSTEMPATH\CodeIgniter.php(892): class_exists('\\App\\Controllers\\LayoutingController', true)
 6 SYSTEMPATH\CodeIgniter.php(486): CodeIgniter\CodeIgniter->startController()
 7 SYSTEMPATH\CodeIgniter.php(368): CodeIgniter\CodeIgniter->handleRequest(null, Object(Config\Cache), false)
 8 FCPATH\index.php(67): CodeIgniter\CodeIgniter->run()
 9 SYSTEMPATH\Commands\Server\rewrite.php(47): require_once('C:\\xampp\\htdocs\\praktikum-web\\public\\index.php')
CRITICAL - 2023-06-22 17:38:20 --> Class "App\Controllers\Controller" not found
in APPPATH\Controllers\LayoutingController.php on line 5.
 1 SYSTEMPATH\Autoloader\Autoloader.php(312): include_once()
 2 SYSTEMPATH\Autoloader\Autoloader.php(289): CodeIgniter\Autoloader\Autoloader->includeFile('C:\\xampp\\htdocs\\praktikum-web\\app\\Controllers\\LayoutingController.php')
 3 SYSTEMPATH\Autoloader\Autoloader.php(267): CodeIgniter\Autoloader\Autoloader->loadInNamespace('App\\Controllers\\LayoutingController')
 4 [internal function]: CodeIgniter\Autoloader\Autoloader->loadClass('App\\Controllers\\LayoutingController')
 5 SYSTEMPATH\CodeIgniter.php(892): class_exists('\\App\\Controllers\\LayoutingController', true)
 6 SYSTEMPATH\CodeIgniter.php(486): CodeIgniter\CodeIgniter->startController()
 7 SYSTEMPATH\CodeIgniter.php(368): CodeIgniter\CodeIgniter->handleRequest(null, Object(Config\Cache), false)
 8 FCPATH\index.php(67): CodeIgniter\CodeIgniter->run()
 9 SYSTEMPATH\Commands\Server\rewrite.php(47): require_once('C:\\xampp\\htdocs\\praktikum-web\\public\\index.php')
CRITICAL - 2023-06-22 17:42:14 --> Invalid file: "faras_32602100099.php"
in SYSTEMPATH\Exceptions\FrameworkException.php on line 33.
 1 SYSTEMPATH\View\View.php(201): CodeIgniter\Exceptions\FrameworkException::forInvalidFile('faras_32602100099.php')
 2 SYSTEMPATH\Common.php(1184): CodeIgniter\View\View->render('faras_32602100099', [], true)
 3 APPPATH\Controllers\LayoutingController.php(9): view('faras_32602100099')
 4 SYSTEMPATH\CodeIgniter.php(934): App\Controllers\LayoutingController->index()
 5 SYSTEMPATH\CodeIgniter.php(499): CodeIgniter\CodeIgniter->runController(Object(App\Controllers\LayoutingController))
 6 SYSTEMPATH\CodeIgniter.php(368): CodeIgniter\CodeIgniter->handleRequest(null, Object(Config\Cache), false)
 7 FCPATH\index.php(67): CodeIgniter\CodeIgniter->run()
 8 SYSTEMPATH\Commands\Server\rewrite.php(47): require_once('C:\\xampp\\htdocs\\praktikum-web\\public\\index.php')
CRITICAL - 2023-06-22 17:43:45 --> Invalid file: "faras_32602100099.php"
in SYSTEMPATH\Exceptions\FrameworkException.php on line 33.
 1 SYSTEMPATH\View\View.php(201): CodeIgniter\Exceptions\FrameworkException::forInvalidFile('faras_32602100099.php')
 2 SYSTEMPATH\Common.php(1184): CodeIgniter\View\View->render('faras_32602100099', [], true)
 3 APPPATH\Controllers\LayoutingController.php(9): view('faras_32602100099')
 4 SYSTEMPATH\CodeIgniter.php(934): App\Controllers\LayoutingController->index()
 5 SYSTEMPATH\CodeIgniter.php(499): CodeIgniter\CodeIgniter->runController(Object(App\Controllers\LayoutingController))
 6 SYSTEMPATH\CodeIgniter.php(368): CodeIgniter\CodeIgniter->handleRequest(null, Object(Config\Cache), false)
 7 FCPATH\index.php(67): CodeIgniter\CodeIgniter->run()
 8 SYSTEMPATH\Commands\Server\rewrite.php(47): require_once('C:\\xampp\\htdocs\\praktikum-web\\public\\index.php')
CRITICAL - 2023-06-22 17:51:05 --> Invalid file: "faras_32602100099.php"
in SYSTEMPATH\Exceptions\FrameworkException.php on line 33.
 1 SYSTEMPATH\View\View.php(201): CodeIgniter\Exceptions\FrameworkException::forInvalidFile('faras_32602100099.php')
 2 SYSTEMPATH\Common.php(1184): CodeIgniter\View\View->render('faras_32602100099', [], true)
 3 APPPATH\Controllers\LayoutingController.php(9): view('faras_32602100099')
 4 SYSTEMPATH\CodeIgniter.php(934): App\Controllers\LayoutingController->index()
 5 SYSTEMPATH\CodeIgniter.php(499): CodeIgniter\CodeIgniter->runController(Object(App\Controllers\LayoutingController))
 6 SYSTEMPATH\CodeIgniter.php(368): CodeIgniter\CodeIgniter->handleRequest(null, Object(Config\Cache), false)
 7 FCPATH\index.php(67): CodeIgniter\CodeIgniter->run()
 8 SYSTEMPATH\Commands\Server\rewrite.php(47): require_once('C:\\xampp\\htdocs\\praktikum-web\\public\\index.php')
CRITICAL - 2023-06-22 17:51:06 --> Invalid file: "faras_32602100099.php"
in SYSTEMPATH\Exceptions\FrameworkException.php on line 33.
 1 SYSTEMPATH\View\View.php(201): CodeIgniter\Exceptions\FrameworkException::forInvalidFile('faras_32602100099.php')
 2 SYSTEMPATH\Common.php(1184): CodeIgniter\View\View->render('faras_32602100099', [], true)
 3 APPPATH\Controllers\LayoutingController.php(9): view('faras_32602100099')
 4 SYSTEMPATH\CodeIgniter.php(934): App\Controllers\LayoutingController->index()
 5 SYSTEMPATH\CodeIgniter.php(499): CodeIgniter\CodeIgniter->runController(Object(App\Controllers\LayoutingController))
 6 SYSTEMPATH\CodeIgniter.php(368): CodeIgniter\CodeIgniter->handleRequest(null, Object(Config\Cache), false)
 7 FCPATH\index.php(67): CodeIgniter\CodeIgniter->run()
 8 SYSTEMPATH\Commands\Server\rewrite.php(47): require_once('C:\\xampp\\htdocs\\praktikum-web\\public\\index.php')
CRITICAL - 2023-06-22 17:51:07 --> Invalid file: "faras_32602100099.php"
in SYSTEMPATH\Exceptions\FrameworkException.php on line 33.
 1 SYSTEMPATH\View\View.php(201): CodeIgniter\Exceptions\FrameworkException::forInvalidFile('faras_32602100099.php')
 2 SYSTEMPATH\Common.php(1184): CodeIgniter\View\View->render('faras_32602100099', [], true)
 3 APPPATH\Controllers\LayoutingController.php(9): view('faras_32602100099')
 4 SYSTEMPATH\CodeIgniter.php(934): App\Controllers\LayoutingController->index()
 5 SYSTEMPATH\CodeIgniter.php(499): CodeIgniter\CodeIgniter->runController(Object(App\Controllers\LayoutingController))
 6 SYSTEMPATH\CodeIgniter.php(368): CodeIgniter\CodeIgniter->handleRequest(null, Object(Config\Cache), false)
 7 FCPATH\index.php(67): CodeIgniter\CodeIgniter->run()
 8 SYSTEMPATH\Commands\Server\rewrite.php(47): require_once('C:\\xampp\\htdocs\\praktikum-web\\public\\index.php')
CRITICAL - 2023-06-22 17:51:07 --> Invalid file: "faras_32602100099.php"
in SYSTEMPATH\Exceptions\FrameworkException.php on line 33.
 1 SYSTEMPATH\View\View.php(201): CodeIgniter\Exceptions\FrameworkException::forInvalidFile('faras_32602100099.php')
 2 SYSTEMPATH\Common.php(1184): CodeIgniter\View\View->render('faras_32602100099', [], true)
 3 APPPATH\Controllers\LayoutingController.php(9): view('faras_32602100099')
 4 SYSTEMPATH\CodeIgniter.php(934): App\Controllers\LayoutingController->index()
 5 SYSTEMPATH\CodeIgniter.php(499): CodeIgniter\CodeIgniter->runController(Object(App\Controllers\LayoutingController))
 6 SYSTEMPATH\CodeIgniter.php(368): CodeIgniter\CodeIgniter->handleRequest(null, Object(Config\Cache), false)
 7 FCPATH\index.php(67): CodeIgniter\CodeIgniter->run()
 8 SYSTEMPATH\Commands\Server\rewrite.php(47): require_once('C:\\xampp\\htdocs\\praktikum-web\\public\\index.php')
CRITICAL - 2023-06-22 17:57:14 --> Invalid file: "faras_32602100099.php"
in SYSTEMPATH\Exceptions\FrameworkException.php on line 33.
 1 SYSTEMPATH\View\View.php(201): CodeIgniter\Exceptions\FrameworkException::forInvalidFile('faras_32602100099.php')
 2 SYSTEMPATH\Common.php(1184): CodeIgniter\View\View->render('faras_32602100099', [], true)
 3 APPPATH\Controllers\LayoutingController.php(9): view('faras_32602100099')
 4 SYSTEMPATH\CodeIgniter.php(934): App\Controllers\LayoutingController->index()
 5 SYSTEMPATH\CodeIgniter.php(499): CodeIgniter\CodeIgniter->runController(Object(App\Controllers\LayoutingController))
 6 SYSTEMPATH\CodeIgniter.php(368): CodeIgniter\CodeIgniter->handleRequest(null, Object(Config\Cache), false)
 7 FCPATH\index.php(67): CodeIgniter\CodeIgniter->run()
 8 SYSTEMPATH\Commands\Server\rewrite.php(47): require_once('C:\\xampp\\htdocs\\praktikum-web\\public\\index.php')
CRITICAL - 2023-06-22 17:57:15 --> Invalid file: "faras_32602100099.php"
in SYSTEMPATH\Exceptions\FrameworkException.php on line 33.
 1 SYSTEMPATH\View\View.php(201): CodeIgniter\Exceptions\FrameworkException::forInvalidFile('faras_32602100099.php')
 2 SYSTEMPATH\Common.php(1184): CodeIgniter\View\View->render('faras_32602100099', [], true)
 3 APPPATH\Controllers\LayoutingController.php(9): view('faras_32602100099')
 4 SYSTEMPATH\CodeIgniter.php(934): App\Controllers\LayoutingController->index()
 5 SYSTEMPATH\CodeIgniter.php(499): CodeIgniter\CodeIgniter->runController(Object(App\Controllers\LayoutingController))
 6 SYSTEMPATH\CodeIgniter.php(368): CodeIgniter\CodeIgniter->handleRequest(null, Object(Config\Cache), false)
 7 FCPATH\index.php(67): CodeIgniter\CodeIgniter->run()
 8 SYSTEMPATH\Commands\Server\rewrite.php(47): require_once('C:\\xampp\\htdocs\\praktikum-web\\public\\index.php')
CRITICAL - 2023-06-22 18:03:05 --> Invalid file: "faras_32602100099.php"
in SYSTEMPATH\Exceptions\FrameworkException.php on line 33.
 1 SYSTEMPATH\View\View.php(201): CodeIgniter\Exceptions\FrameworkException::forInvalidFile('faras_32602100099.php')
 2 SYSTEMPATH\Common.php(1184): CodeIgniter\View\View->render('faras_32602100099', [], true)
 3 APPPATH\Controllers\LayoutingController.php(9): view('faras_32602100099')
 4 SYSTEMPATH\CodeIgniter.php(934): App\Controllers\LayoutingController->index()
 5 SYSTEMPATH\CodeIgniter.php(499): CodeIgniter\CodeIgniter->runController(Object(App\Controllers\LayoutingController))
 6 SYSTEMPATH\CodeIgniter.php(368): CodeIgniter\CodeIgniter->handleRequest(null, Object(Config\Cache), false)
 7 FCPATH\index.php(67): CodeIgniter\CodeIgniter->run()
 8 SYSTEMPATH\Commands\Server\rewrite.php(47): require_once('C:\\xampp\\htdocs\\praktikum-web\\public\\index.php')
CRITICAL - 2023-06-22 18:03:07 --> Invalid file: "faras_32602100099.php"
in SYSTEMPATH\Exceptions\FrameworkException.php on line 33.
 1 SYSTEMPATH\View\View.php(201): CodeIgniter\Exceptions\FrameworkException::forInvalidFile('faras_32602100099.php')
 2 SYSTEMPATH\Common.php(1184): CodeIgniter\View\View->render('faras_32602100099', [], true)
 3 APPPATH\Controllers\LayoutingController.php(9): view('faras_32602100099')
 4 SYSTEMPATH\CodeIgniter.php(934): App\Controllers\LayoutingController->index()
 5 SYSTEMPATH\CodeIgniter.php(499): CodeIgniter\CodeIgniter->runController(Object(App\Controllers\LayoutingController))
 6 SYSTEMPATH\CodeIgniter.php(368): CodeIgniter\CodeIgniter->handleRequest(null, Object(Config\Cache), false)
 7 FCPATH\index.php(67): CodeIgniter\CodeIgniter->run()
 8 SYSTEMPATH\Commands\Server\rewrite.php(47): require_once('C:\\xampp\\htdocs\\praktikum-web\\public\\index.php')
CRITICAL - 2023-06-22 18:03:59 --> Class "App\Controller\BaseControllers" not found
in APPPATH\Controllers\LayoutingController.php on line 5.
 1 SYSTEMPATH\Autoloader\Autoloader.php(312): include_once()
 2 SYSTEMPATH\Autoloader\Autoloader.php(289): CodeIgniter\Autoloader\Autoloader->includeFile('C:\\xampp\\htdocs\\praktikum-web\\app\\Controllers\\LayoutingController.php')
 3 SYSTEMPATH\Autoloader\Autoloader.php(267): CodeIgniter\Autoloader\Autoloader->loadInNamespace('App\\Controllers\\LayoutingController')
 4 [internal function]: CodeIgniter\Autoloader\Autoloader->loadClass('App\\Controllers\\LayoutingController')
 5 SYSTEMPATH\CodeIgniter.php(892): class_exists('\\App\\Controllers\\LayoutingController', true)
 6 SYSTEMPATH\CodeIgniter.php(486): CodeIgniter\CodeIgniter->startController()
 7 SYSTEMPATH\CodeIgniter.php(368): CodeIgniter\CodeIgniter->handleRequest(null, Object(Config\Cache), false)
 8 FCPATH\index.php(67): CodeIgniter\CodeIgniter->run()
 9 SYSTEMPATH\Commands\Server\rewrite.php(47): require_once('C:\\xampp\\htdocs\\praktikum-web\\public\\index.php')
CRITICAL - 2023-06-22 18:04:00 --> Class "App\Controller\BaseControllers" not found
in APPPATH\Controllers\LayoutingController.php on line 5.
 1 SYSTEMPATH\Autoloader\Autoloader.php(312): include_once()
 2 SYSTEMPATH\Autoloader\Autoloader.php(289): CodeIgniter\Autoloader\Autoloader->includeFile('C:\\xampp\\htdocs\\praktikum-web\\app\\Controllers\\LayoutingController.php')
 3 SYSTEMPATH\Autoloader\Autoloader.php(267): CodeIgniter\Autoloader\Autoloader->loadInNamespace('App\\Controllers\\LayoutingController')
 4 [internal function]: CodeIgniter\Autoloader\Autoloader->loadClass('App\\Controllers\\LayoutingController')
 5 SYSTEMPATH\CodeIgniter.php(892): class_exists('\\App\\Controllers\\LayoutingController', true)
 6 SYSTEMPATH\CodeIgniter.php(486): CodeIgniter\CodeIgniter->startController()
 7 SYSTEMPATH\CodeIgniter.php(368): CodeIgniter\CodeIgniter->handleRequest(null, Object(Config\Cache), false)
 8 FCPATH\index.php(67): CodeIgniter\CodeIgniter->run()
 9 SYSTEMPATH\Commands\Server\rewrite.php(47): require_once('C:\\xampp\\htdocs\\praktikum-web\\public\\index.php')
CRITICAL - 2023-06-22 18:04:00 --> Class "App\Controller\BaseControllers" not found
in APPPATH\Controllers\LayoutingController.php on line 5.
 1 SYSTEMPATH\Autoloader\Autoloader.php(312): include_once()
 2 SYSTEMPATH\Autoloader\Autoloader.php(289): CodeIgniter\Autoloader\Autoloader->includeFile('C:\\xampp\\htdocs\\praktikum-web\\app\\Controllers\\LayoutingController.php')
 3 SYSTEMPATH\Autoloader\Autoloader.php(267): CodeIgniter\Autoloader\Autoloader->loadInNamespace('App\\Controllers\\LayoutingController')
 4 [internal function]: CodeIgniter\Autoloader\Autoloader->loadClass('App\\Controllers\\LayoutingController')
 5 SYSTEMPATH\CodeIgniter.php(892): class_exists('\\App\\Controllers\\LayoutingController', true)
 6 SYSTEMPATH\CodeIgniter.php(486): CodeIgniter\CodeIgniter->startController()
 7 SYSTEMPATH\CodeIgniter.php(368): CodeIgniter\CodeIgniter->handleRequest(null, Object(Config\Cache), false)
 8 FCPATH\index.php(67): CodeIgniter\CodeIgniter->run()
 9 SYSTEMPATH\Commands\Server\rewrite.php(47): require_once('C:\\xampp\\htdocs\\praktikum-web\\public\\index.php')
CRITICAL - 2023-06-22 18:04:01 --> Class "App\Controller\BaseControllers" not found
in APPPATH\Controllers\LayoutingController.php on line 5.
 1 SYSTEMPATH\Autoloader\Autoloader.php(312): include_once()
 2 SYSTEMPATH\Autoloader\Autoloader.php(289): CodeIgniter\Autoloader\Autoloader->includeFile('C:\\xampp\\htdocs\\praktikum-web\\app\\Controllers\\LayoutingController.php')
 3 SYSTEMPATH\Autoloader\Autoloader.php(267): CodeIgniter\Autoloader\Autoloader->loadInNamespace('App\\Controllers\\LayoutingController')
 4 [internal function]: CodeIgniter\Autoloader\Autoloader->loadClass('App\\Controllers\\LayoutingController')
 5 SYSTEMPATH\CodeIgniter.php(892): class_exists('\\App\\Controllers\\LayoutingController', true)
 6 SYSTEMPATH\CodeIgniter.php(486): CodeIgniter\CodeIgniter->startController()
 7 SYSTEMPATH\CodeIgniter.php(368): CodeIgniter\CodeIgniter->handleRequest(null, Object(Config\Cache), false)
 8 FCPATH\index.php(67): CodeIgniter\CodeIgniter->run()
 9 SYSTEMPATH\Commands\Server\rewrite.php(47): require_once('C:\\xampp\\htdocs\\praktikum-web\\public\\index.php')
CRITICAL - 2023-06-22 18:04:01 --> Class "App\Controller\BaseControllers" not found
in APPPATH\Controllers\LayoutingController.php on line 5.
 1 SYSTEMPATH\Autoloader\Autoloader.php(312): include_once()
 2 SYSTEMPATH\Autoloader\Autoloader.php(289): CodeIgniter\Autoloader\Autoloader->includeFile('C:\\xampp\\htdocs\\praktikum-web\\app\\Controllers\\LayoutingController.php')
 3 SYSTEMPATH\Autoloader\Autoloader.php(267): CodeIgniter\Autoloader\Autoloader->loadInNamespace('App\\Controllers\\LayoutingController')
 4 [internal function]: CodeIgniter\Autoloader\Autoloader->loadClass('App\\Controllers\\LayoutingController')
 5 SYSTEMPATH\CodeIgniter.php(892): class_exists('\\App\\Controllers\\LayoutingController', true)
 6 SYSTEMPATH\CodeIgniter.php(486): CodeIgniter\CodeIgniter->startController()
 7 SYSTEMPATH\CodeIgniter.php(368): CodeIgniter\CodeIgniter->handleRequest(null, Object(Config\Cache), false)
 8 FCPATH\index.php(67): CodeIgniter\CodeIgniter->run()
 9 SYSTEMPATH\Commands\Server\rewrite.php(47): require_once('C:\\xampp\\htdocs\\praktikum-web\\public\\index.php')
CRITICAL - 2023-06-22 18:04:16 --> Class "App\Controller\BaseController" not found
in APPPATH\Controllers\LayoutingController.php on line 5.
 1 SYSTEMPATH\Autoloader\Autoloader.php(312): include_once()
 2 SYSTEMPATH\Autoloader\Autoloader.php(289): CodeIgniter\Autoloader\Autoloader->includeFile('C:\\xampp\\htdocs\\praktikum-web\\app\\Controllers\\LayoutingController.php')
 3 SYSTEMPATH\Autoloader\Autoloader.php(267): CodeIgniter\Autoloader\Autoloader->loadInNamespace('App\\Controllers\\LayoutingController')
 4 [internal function]: CodeIgniter\Autoloader\Autoloader->loadClass('App\\Controllers\\LayoutingController')
 5 SYSTEMPATH\CodeIgniter.php(892): class_exists('\\App\\Controllers\\LayoutingController', true)
 6 SYSTEMPATH\CodeIgniter.php(486): CodeIgniter\CodeIgniter->startController()
 7 SYSTEMPATH\CodeIgniter.php(368): CodeIgniter\CodeIgniter->handleRequest(null, Object(Config\Cache), false)
 8 FCPATH\index.php(67): CodeIgniter\CodeIgniter->run()
 9 SYSTEMPATH\Commands\Server\rewrite.php(47): require_once('C:\\xampp\\htdocs\\praktikum-web\\public\\index.php')
CRITICAL - 2023-06-22 18:04:16 --> Class "App\Controller\BaseController" not found
in APPPATH\Controllers\LayoutingController.php on line 5.
 1 SYSTEMPATH\Autoloader\Autoloader.php(312): include_once()
 2 SYSTEMPATH\Autoloader\Autoloader.php(289): CodeIgniter\Autoloader\Autoloader->includeFile('C:\\xampp\\htdocs\\praktikum-web\\app\\Controllers\\LayoutingController.php')
 3 SYSTEMPATH\Autoloader\Autoloader.php(267): CodeIgniter\Autoloader\Autoloader->loadInNamespace('App\\Controllers\\LayoutingController')
 4 [internal function]: CodeIgniter\Autoloader\Autoloader->loadClass('App\\Controllers\\LayoutingController')
 5 SYSTEMPATH\CodeIgniter.php(892): class_exists('\\App\\Controllers\\LayoutingController', true)
 6 SYSTEMPATH\CodeIgniter.php(486): CodeIgniter\CodeIgniter->startController()
 7 SYSTEMPATH\CodeIgniter.php(368): CodeIgniter\CodeIgniter->handleRequest(null, Object(Config\Cache), false)
 8 FCPATH\index.php(67): CodeIgniter\CodeIgniter->run()
 9 SYSTEMPATH\Commands\Server\rewrite.php(47): require_once('C:\\xampp\\htdocs\\praktikum-web\\public\\index.php')
CRITICAL - 2023-06-22 18:04:17 --> Class "App\Controller\BaseController" not found
in APPPATH\Controllers\LayoutingController.php on line 5.
 1 SYSTEMPATH\Autoloader\Autoloader.php(312): include_once()
 2 SYSTEMPATH\Autoloader\Autoloader.php(289): CodeIgniter\Autoloader\Autoloader->includeFile('C:\\xampp\\htdocs\\praktikum-web\\app\\Controllers\\LayoutingController.php')
 3 SYSTEMPATH\Autoloader\Autoloader.php(267): CodeIgniter\Autoloader\Autoloader->loadInNamespace('App\\Controllers\\LayoutingController')
 4 [internal function]: CodeIgniter\Autoloader\Autoloader->loadClass('App\\Controllers\\LayoutingController')
 5 SYSTEMPATH\CodeIgniter.php(892): class_exists('\\App\\Controllers\\LayoutingController', true)
 6 SYSTEMPATH\CodeIgniter.php(486): CodeIgniter\CodeIgniter->startController()
 7 SYSTEMPATH\CodeIgniter.php(368): CodeIgniter\CodeIgniter->handleRequest(null, Object(Config\Cache), false)
 8 FCPATH\index.php(67): CodeIgniter\CodeIgniter->run()
 9 SYSTEMPATH\Commands\Server\rewrite.php(47): require_once('C:\\xampp\\htdocs\\praktikum-web\\public\\index.php')
CRITICAL - 2023-06-22 18:04:17 --> Class "App\Controller\BaseController" not found
in APPPATH\Controllers\LayoutingController.php on line 5.
 1 SYSTEMPATH\Autoloader\Autoloader.php(312): include_once()
 2 SYSTEMPATH\Autoloader\Autoloader.php(289): CodeIgniter\Autoloader\Autoloader->includeFile('C:\\xampp\\htdocs\\praktikum-web\\app\\Controllers\\LayoutingController.php')
 3 SYSTEMPATH\Autoloader\Autoloader.php(267): CodeIgniter\Autoloader\Autoloader->loadInNamespace('App\\Controllers\\LayoutingController')
 4 [internal function]: CodeIgniter\Autoloader\Autoloader->loadClass('App\\Controllers\\LayoutingController')
 5 SYSTEMPATH\CodeIgniter.php(892): class_exists('\\App\\Controllers\\LayoutingController', true)
 6 SYSTEMPATH\CodeIgniter.php(486): CodeIgniter\CodeIgniter->startController()
 7 SYSTEMPATH\CodeIgniter.php(368): CodeIgniter\CodeIgniter->handleRequest(null, Object(Config\Cache), false)
 8 FCPATH\index.php(67): CodeIgniter\CodeIgniter->run()
 9 SYSTEMPATH\Commands\Server\rewrite.php(47): require_once('C:\\xampp\\htdocs\\praktikum-web\\public\\index.php')
CRITICAL - 2023-06-22 18:18:16 --> Invalid file: "faras_32602100099.php"
in SYSTEMPATH\Exceptions\FrameworkException.php on line 33.
 1 SYSTEMPATH\View\View.php(201): CodeIgniter\Exceptions\FrameworkException::forInvalidFile('faras_32602100099.php')
 2 SYSTEMPATH\Common.php(1184): CodeIgniter\View\View->render('faras_32602100099', [], true)
 3 APPPATH\Controllers\LayoutingController.php(9): view('faras_32602100099')
 4 SYSTEMPATH\CodeIgniter.php(934): App\Controllers\LayoutingController->index()
 5 SYSTEMPATH\CodeIgniter.php(499): CodeIgniter\CodeIgniter->runController(Object(App\Controllers\LayoutingController))
 6 SYSTEMPATH\CodeIgniter.php(368): CodeIgniter\CodeIgniter->handleRequest(null, Object(Config\Cache), false)
 7 FCPATH\index.php(67): CodeIgniter\CodeIgniter->run()
 8 SYSTEMPATH\Commands\Server\rewrite.php(47): require_once('C:\\xampp\\htdocs\\praktikum-web\\public\\index.php')
CRITICAL - 2023-06-22 18:18:17 --> Invalid file: "faras_32602100099.php"
in SYSTEMPATH\Exceptions\FrameworkException.php on line 33.
 1 SYSTEMPATH\View\View.php(201): CodeIgniter\Exceptions\FrameworkException::forInvalidFile('faras_32602100099.php')
 2 SYSTEMPATH\Common.php(1184): CodeIgniter\View\View->render('faras_32602100099', [], true)
 3 APPPATH\Controllers\LayoutingController.php(9): view('faras_32602100099')
 4 SYSTEMPATH\CodeIgniter.php(934): App\Controllers\LayoutingController->index()
 5 SYSTEMPATH\CodeIgniter.php(499): CodeIgniter\CodeIgniter->runController(Object(App\Controllers\LayoutingController))
 6 SYSTEMPATH\CodeIgniter.php(368): CodeIgniter\CodeIgniter->handleRequest(null, Object(Config\Cache), false)
 7 FCPATH\index.php(67): CodeIgniter\CodeIgniter->run()
 8 SYSTEMPATH\Commands\Server\rewrite.php(47): require_once('C:\\xampp\\htdocs\\praktikum-web\\public\\index.php')
CRITICAL - 2023-06-22 18:25:03 --> Invalid file: "faras_32602100099.php"
in SYSTEMPATH\Exceptions\FrameworkException.php on line 33.
 1 SYSTEMPATH\View\View.php(201): CodeIgniter\Exceptions\FrameworkException::forInvalidFile('faras_32602100099.php')
 2 SYSTEMPATH\Common.php(1184): CodeIgniter\View\View->render('faras_32602100099', [], true)
 3 APPPATH\Controllers\LayoutingController.php(9): view('faras_32602100099')
 4 SYSTEMPATH\CodeIgniter.php(934): App\Controllers\LayoutingController->index()
 5 SYSTEMPATH\CodeIgniter.php(499): CodeIgniter\CodeIgniter->runController(Object(App\Controllers\LayoutingController))
 6 SYSTEMPATH\CodeIgniter.php(368): CodeIgniter\CodeIgniter->handleRequest(null, Object(Config\Cache), false)
 7 FCPATH\index.php(67): CodeIgniter\CodeIgniter->run()
 8 SYSTEMPATH\Commands\Server\rewrite.php(47): require_once('C:\\xampp\\htdocs\\praktikum-web\\public\\index.php')
CRITICAL - 2023-06-22 18:25:06 --> Invalid file: "faras_32602100099.php"
in SYSTEMPATH\Exceptions\FrameworkException.php on line 33.
 1 SYSTEMPATH\View\View.php(201): CodeIgniter\Exceptions\FrameworkException::forInvalidFile('faras_32602100099.php')
 2 SYSTEMPATH\Common.php(1184): CodeIgniter\View\View->render('faras_32602100099', [], true)
 3 APPPATH\Controllers\LayoutingController.php(9): view('faras_32602100099')
 4 SYSTEMPATH\CodeIgniter.php(934): App\Controllers\LayoutingController->index()
 5 SYSTEMPATH\CodeIgniter.php(499): CodeIgniter\CodeIgniter->runController(Object(App\Controllers\LayoutingController))
 6 SYSTEMPATH\CodeIgniter.php(368): CodeIgniter\CodeIgniter->handleRequest(null, Object(Config\Cache), false)
 7 FCPATH\index.php(67): CodeIgniter\CodeIgniter->run()
 8 SYSTEMPATH\Commands\Server\rewrite.php(47): require_once('C:\\xampp\\htdocs\\praktikum-web\\public\\index.php')
CRITICAL - 2023-06-22 18:25:07 --> Invalid file: "faras_32602100099.php"
in SYSTEMPATH\Exceptions\FrameworkException.php on line 33.
 1 SYSTEMPATH\View\View.php(201): CodeIgniter\Exceptions\FrameworkException::forInvalidFile('faras_32602100099.php')
 2 SYSTEMPATH\Common.php(1184): CodeIgniter\View\View->render('faras_32602100099', [], true)
 3 APPPATH\Controllers\LayoutingController.php(9): view('faras_32602100099')
 4 SYSTEMPATH\CodeIgniter.php(934): App\Controllers\LayoutingController->index()
 5 SYSTEMPATH\CodeIgniter.php(499): CodeIgniter\CodeIgniter->runController(Object(App\Controllers\LayoutingController))
 6 SYSTEMPATH\CodeIgniter.php(368): CodeIgniter\CodeIgniter->handleRequest(null, Object(Config\Cache), false)
 7 FCPATH\index.php(67): CodeIgniter\CodeIgniter->run()
 8 SYSTEMPATH\Commands\Server\rewrite.php(47): require_once('C:\\xampp\\htdocs\\praktikum-web\\public\\index.php')
CRITICAL - 2023-06-22 18:26:03 --> Invalid file: "faras_32602100099.php"
in SYSTEMPATH\Exceptions\FrameworkException.php on line 33.
 1 SYSTEMPATH\View\View.php(201): CodeIgniter\Exceptions\FrameworkException::forInvalidFile('faras_32602100099.php')
 2 SYSTEMPATH\Common.php(1184): CodeIgniter\View\View->render('faras_32602100099', [], true)
 3 APPPATH\Controllers\LayoutingController.php(9): view('faras_32602100099')
 4 SYSTEMPATH\CodeIgniter.php(934): App\Controllers\LayoutingController->index()
 5 SYSTEMPATH\CodeIgniter.php(499): CodeIgniter\CodeIgniter->runController(Object(App\Controllers\LayoutingController))
 6 SYSTEMPATH\CodeIgniter.php(368): CodeIgniter\CodeIgniter->handleRequest(null, Object(Config\Cache), false)
 7 FCPATH\index.php(67): CodeIgniter\CodeIgniter->run()
 8 SYSTEMPATH\Commands\Server\rewrite.php(47): require_once('C:\\xampp\\htdocs\\praktikum-web\\public\\index.php')
CRITICAL - 2023-06-22 18:26:04 --> Invalid file: "faras_32602100099.php"
in SYSTEMPATH\Exceptions\FrameworkException.php on line 33.
 1 SYSTEMPATH\View\View.php(201): CodeIgniter\Exceptions\FrameworkException::forInvalidFile('faras_32602100099.php')
 2 SYSTEMPATH\Common.php(1184): CodeIgniter\View\View->render('faras_32602100099', [], true)
 3 APPPATH\Controllers\LayoutingController.php(9): view('faras_32602100099')
 4 SYSTEMPATH\CodeIgniter.php(934): App\Controllers\LayoutingController->index()
 5 SYSTEMPATH\CodeIgniter.php(499): CodeIgniter\CodeIgniter->runController(Object(App\Controllers\LayoutingController))
 6 SYSTEMPATH\CodeIgniter.php(368): CodeIgniter\CodeIgniter->handleRequest(null, Object(Config\Cache), false)
 7 FCPATH\index.php(67): CodeIgniter\CodeIgniter->run()
 8 SYSTEMPATH\Commands\Server\rewrite.php(47): require_once('C:\\xampp\\htdocs\\praktikum-web\\public\\index.php')
CRITICAL - 2023-06-22 18:26:05 --> Invalid file: "faras_32602100099.php"
in SYSTEMPATH\Exceptions\FrameworkException.php on line 33.
 1 SYSTEMPATH\View\View.php(201): CodeIgniter\Exceptions\FrameworkException::forInvalidFile('faras_32602100099.php')
 2 SYSTEMPATH\Common.php(1184): CodeIgniter\View\View->render('faras_32602100099', [], true)
 3 APPPATH\Controllers\LayoutingController.php(9): view('faras_32602100099')
 4 SYSTEMPATH\CodeIgniter.php(934): App\Controllers\LayoutingController->index()
 5 SYSTEMPATH\CodeIgniter.php(499): CodeIgniter\CodeIgniter->runController(Object(App\Controllers\LayoutingController))
 6 SYSTEMPATH\CodeIgniter.php(368): CodeIgniter\CodeIgniter->handleRequest(null, Object(Config\Cache), false)
 7 FCPATH\index.php(67): CodeIgniter\CodeIgniter->run()
 8 SYSTEMPATH\Commands\Server\rewrite.php(47): require_once('C:\\xampp\\htdocs\\praktikum-web\\public\\index.php')
CRITICAL - 2023-06-22 18:28:57 --> Invalid file: "faras_32602100099.php"
in SYSTEMPATH\Exceptions\FrameworkException.php on line 33.
 1 SYSTEMPATH\View\View.php(201): CodeIgniter\Exceptions\FrameworkException::forInvalidFile('faras_32602100099.php')
 2 SYSTEMPATH\Common.php(1184): CodeIgniter\View\View->render('faras_32602100099', [], true)
 3 APPPATH\Controllers\LayoutingController.php(9): view('faras_32602100099')
 4 SYSTEMPATH\CodeIgniter.php(934): App\Controllers\LayoutingController->index()
 5 SYSTEMPATH\CodeIgniter.php(499): CodeIgniter\CodeIgniter->runController(Object(App\Controllers\LayoutingController))
 6 SYSTEMPATH\CodeIgniter.php(368): CodeIgniter\CodeIgniter->handleRequest(null, Object(Config\Cache), false)
 7 FCPATH\index.php(67): CodeIgniter\CodeIgniter->run()
 8 SYSTEMPATH\Commands\Server\rewrite.php(47): require_once('C:\\xampp\\htdocs\\praktikum-web\\public\\index.php')
CRITICAL - 2023-06-22 18:28:58 --> Invalid file: "faras_32602100099.php"
in SYSTEMPATH\Exceptions\FrameworkException.php on line 33.
 1 SYSTEMPATH\View\View.php(201): CodeIgniter\Exceptions\FrameworkException::forInvalidFile('faras_32602100099.php')
 2 SYSTEMPATH\Common.php(1184): CodeIgniter\View\View->render('faras_32602100099', [], true)
 3 APPPATH\Controllers\LayoutingController.php(9): view('faras_32602100099')
 4 SYSTEMPATH\CodeIgniter.php(934): App\Controllers\LayoutingController->index()
 5 SYSTEMPATH\CodeIgniter.php(499): CodeIgniter\CodeIgniter->runController(Object(App\Controllers\LayoutingController))
 6 SYSTEMPATH\CodeIgniter.php(368): CodeIgniter\CodeIgniter->handleRequest(null, Object(Config\Cache), false)
 7 FCPATH\index.php(67): CodeIgniter\CodeIgniter->run()
 8 SYSTEMPATH\Commands\Server\rewrite.php(47): require_once('C:\\xampp\\htdocs\\praktikum-web\\public\\index.php')
CRITICAL - 2023-06-22 18:28:59 --> Invalid file: "faras_32602100099.php"
in SYSTEMPATH\Exceptions\FrameworkException.php on line 33.
 1 SYSTEMPATH\View\View.php(201): CodeIgniter\Exceptions\FrameworkException::forInvalidFile('faras_32602100099.php')
 2 SYSTEMPATH\Common.php(1184): CodeIgniter\View\View->render('faras_32602100099', [], true)
 3 APPPATH\Controllers\LayoutingController.php(9): view('faras_32602100099')
 4 SYSTEMPATH\CodeIgniter.php(934): App\Controllers\LayoutingController->index()
 5 SYSTEMPATH\CodeIgniter.php(499): CodeIgniter\CodeIgniter->runController(Object(App\Controllers\LayoutingController))
 6 SYSTEMPATH\CodeIgniter.php(368): CodeIgniter\CodeIgniter->handleRequest(null, Object(Config\Cache), false)
 7 FCPATH\index.php(67): CodeIgniter\CodeIgniter->run()
 8 SYSTEMPATH\Commands\Server\rewrite.php(47): require_once('C:\\xampp\\htdocs\\praktikum-web\\public\\index.php')
CRITICAL - 2023-06-22 18:28:59 --> Invalid file: "faras_32602100099.php"
in SYSTEMPATH\Exceptions\FrameworkException.php on line 33.
 1 SYSTEMPATH\View\View.php(201): CodeIgniter\Exceptions\FrameworkException::forInvalidFile('faras_32602100099.php')
 2 SYSTEMPATH\Common.php(1184): CodeIgniter\View\View->render('faras_32602100099', [], true)
 3 APPPATH\Controllers\LayoutingController.php(9): view('faras_32602100099')
 4 SYSTEMPATH\CodeIgniter.php(934): App\Controllers\LayoutingController->index()
 5 SYSTEMPATH\CodeIgniter.php(499): CodeIgniter\CodeIgniter->runController(Object(App\Controllers\LayoutingController))
 6 SYSTEMPATH\CodeIgniter.php(368): CodeIgniter\CodeIgniter->handleRequest(null, Object(Config\Cache), false)
 7 FCPATH\index.php(67): CodeIgniter\CodeIgniter->run()
 8 SYSTEMPATH\Commands\Server\rewrite.php(47): require_once('C:\\xampp\\htdocs\\praktikum-web\\public\\index.php')
CRITICAL - 2023-06-22 18:30:35 --> Invalid file: "faras_32602100099.php"
in SYSTEMPATH\Exceptions\FrameworkException.php on line 33.
 1 SYSTEMPATH\View\View.php(201): CodeIgniter\Exceptions\FrameworkException::forInvalidFile('faras_32602100099.php')
 2 SYSTEMPATH\Common.php(1184): CodeIgniter\View\View->render('faras_32602100099', [], true)
 3 APPPATH\Controllers\LayoutingController.php(9): view('faras_32602100099')
 4 SYSTEMPATH\CodeIgniter.php(934): App\Controllers\LayoutingController->index()
 5 SYSTEMPATH\CodeIgniter.php(499): CodeIgniter\CodeIgniter->runController(Object(App\Controllers\LayoutingController))
 6 SYSTEMPATH\CodeIgniter.php(368): CodeIgniter\CodeIgniter->handleRequest(null, Object(Config\Cache), false)
 7 FCPATH\index.php(67): CodeIgniter\CodeIgniter->run()
 8 SYSTEMPATH\Commands\Server\rewrite.php(47): require_once('C:\\xampp\\htdocs\\praktikum-web\\public\\index.php')
CRITICAL - 2023-06-22 18:30:37 --> Invalid file: "faras_32602100099.php"
in SYSTEMPATH\Exceptions\FrameworkException.php on line 33.
 1 SYSTEMPATH\View\View.php(201): CodeIgniter\Exceptions\FrameworkException::forInvalidFile('faras_32602100099.php')
 2 SYSTEMPATH\Common.php(1184): CodeIgniter\View\View->render('faras_32602100099', [], true)
 3 APPPATH\Controllers\LayoutingController.php(9): view('faras_32602100099')
 4 SYSTEMPATH\CodeIgniter.php(934): App\Controllers\LayoutingController->index()
 5 SYSTEMPATH\CodeIgniter.php(499): CodeIgniter\CodeIgniter->runController(Object(App\Controllers\LayoutingController))
 6 SYSTEMPATH\CodeIgniter.php(368): CodeIgniter\CodeIgniter->handleRequest(null, Object(Config\Cache), false)
 7 FCPATH\index.php(67): CodeIgniter\CodeIgniter->run()
 8 SYSTEMPATH\Commands\Server\rewrite.php(47): require_once('C:\\xampp\\htdocs\\praktikum-web\\public\\index.php')
CRITICAL - 2023-06-22 18:39:42 --> Invalid file: "faras_32602100099.php"
in SYSTEMPATH\Exceptions\FrameworkException.php on line 33.
 1 SYSTEMPATH\View\View.php(201): CodeIgniter\Exceptions\FrameworkException::forInvalidFile('faras_32602100099.php')
 2 SYSTEMPATH\Common.php(1184): CodeIgniter\View\View->render('faras_32602100099', [], true)
 3 APPPATH\Controllers\LayoutingController.php(9): view('faras_32602100099')
 4 SYSTEMPATH\CodeIgniter.php(934): App\Controllers\LayoutingController->index()
 5 SYSTEMPATH\CodeIgniter.php(499): CodeIgniter\CodeIgniter->runController(Object(App\Controllers\LayoutingController))
 6 SYSTEMPATH\CodeIgniter.php(368): CodeIgniter\CodeIgniter->handleRequest(null, Object(Config\Cache), false)
 7 FCPATH\index.php(67): CodeIgniter\CodeIgniter->run()
 8 SYSTEMPATH\Commands\Server\rewrite.php(47): require_once('C:\\xampp\\htdocs\\praktikum-web\\public\\index.php')
CRITICAL - 2023-06-22 18:39:43 --> Invalid file: "faras_32602100099.php"
in SYSTEMPATH\Exceptions\FrameworkException.php on line 33.
 1 SYSTEMPATH\View\View.php(201): CodeIgniter\Exceptions\FrameworkException::forInvalidFile('faras_32602100099.php')
 2 SYSTEMPATH\Common.php(1184): CodeIgniter\View\View->render('faras_32602100099', [], true)
 3 APPPATH\Controllers\LayoutingController.php(9): view('faras_32602100099')
 4 SYSTEMPATH\CodeIgniter.php(934): App\Controllers\LayoutingController->index()
 5 SYSTEMPATH\CodeIgniter.php(499): CodeIgniter\CodeIgniter->runController(Object(App\Controllers\LayoutingController))
 6 SYSTEMPATH\CodeIgniter.php(368): CodeIgniter\CodeIgniter->handleRequest(null, Object(Config\Cache), false)
 7 FCPATH\index.php(67): CodeIgniter\CodeIgniter->run()
 8 SYSTEMPATH\Commands\Server\rewrite.php(47): require_once('C:\\xampp\\htdocs\\praktikum-web\\public\\index.php')
CRITICAL - 2023-06-22 18:49:57 --> Invalid file: "faras_32602100099.php"
in SYSTEMPATH\Exceptions\FrameworkException.php on line 33.
 1 SYSTEMPATH\View\View.php(201): CodeIgniter\Exceptions\FrameworkException::forInvalidFile('faras_32602100099.php')
 2 SYSTEMPATH\Common.php(1184): CodeIgniter\View\View->render('faras_32602100099', [], true)
 3 APPPATH\Controllers\LayoutingController.php(9): view('faras_32602100099')
 4 SYSTEMPATH\CodeIgniter.php(934): App\Controllers\LayoutingController->index()
 5 SYSTEMPATH\CodeIgniter.php(499): CodeIgniter\CodeIgniter->runController(Object(App\Controllers\LayoutingController))
 6 SYSTEMPATH\CodeIgniter.php(368): CodeIgniter\CodeIgniter->handleRequest(null, Object(Config\Cache), false)
 7 FCPATH\index.php(67): CodeIgniter\CodeIgniter->run()
 8 SYSTEMPATH\Commands\Server\rewrite.php(47): require_once('C:\\xampp\\htdocs\\praktikum-web\\public\\index.php')
CRITICAL - 2023-06-22 18:49:58 --> Invalid file: "faras_32602100099.php"
in SYSTEMPATH\Exceptions\FrameworkException.php on line 33.
 1 SYSTEMPATH\View\View.php(201): CodeIgniter\Exceptions\FrameworkException::forInvalidFile('faras_32602100099.php')
 2 SYSTEMPATH\Common.php(1184): CodeIgniter\View\View->render('faras_32602100099', [], true)
 3 APPPATH\Controllers\LayoutingController.php(9): view('faras_32602100099')
 4 SYSTEMPATH\CodeIgniter.php(934): App\Controllers\LayoutingController->index()
 5 SYSTEMPATH\CodeIgniter.php(499): CodeIgniter\CodeIgniter->runController(Object(App\Controllers\LayoutingController))
 6 SYSTEMPATH\CodeIgniter.php(368): CodeIgniter\CodeIgniter->handleRequest(null, Object(Config\Cache), false)
 7 FCPATH\index.php(67): CodeIgniter\CodeIgniter->run()
 8 SYSTEMPATH\Commands\Server\rewrite.php(47): require_once('C:\\xampp\\htdocs\\praktikum-web\\public\\index.php')
CRITICAL - 2023-06-22 18:55:54 --> Invalid file: "profile.php"
in SYSTEMPATH\Exceptions\FrameworkException.php on line 33.
 1 SYSTEMPATH\View\View.php(201): CodeIgniter\Exceptions\FrameworkException::forInvalidFile('profile.php')
 2 SYSTEMPATH\Common.php(1184): CodeIgniter\View\View->render('profile', [], true)
 3 APPPATH\Controllers\Pages.php(11): view('profile')
 4 SYSTEMPATH\CodeIgniter.php(934): App\Controllers\Pages->profile()
 5 SYSTEMPATH\CodeIgniter.php(499): CodeIgniter\CodeIgniter->runController(Object(App\Controllers\Pages))
 6 SYSTEMPATH\CodeIgniter.php(368): CodeIgniter\CodeIgniter->handleRequest(null, Object(Config\Cache), false)
 7 FCPATH\index.php(67): CodeIgniter\CodeIgniter->run()
 8 SYSTEMPATH\Commands\Server\rewrite.php(47): require_once('C:\\xampp\\htdocs\\praktikum-web\\public\\index.php')
CRITICAL - 2023-06-22 18:56:01 --> Invalid file: "profile.php"
in SYSTEMPATH\Exceptions\FrameworkException.php on line 33.
 1 SYSTEMPATH\View\View.php(201): CodeIgniter\Exceptions\FrameworkException::forInvalidFile('profile.php')
 2 SYSTEMPATH\Common.php(1184): CodeIgniter\View\View->render('profile', [], true)
 3 APPPATH\Controllers\Pages.php(11): view('profile')
 4 SYSTEMPATH\CodeIgniter.php(934): App\Controllers\Pages->profile()
 5 SYSTEMPATH\CodeIgniter.php(499): CodeIgniter\CodeIgniter->runController(Object(App\Controllers\Pages))
 6 SYSTEMPATH\CodeIgniter.php(368): CodeIgniter\CodeIgniter->handleRequest(null, Object(Config\Cache), false)
 7 FCPATH\index.php(67): CodeIgniter\CodeIgniter->run()
 8 SYSTEMPATH\Commands\Server\rewrite.php(47): require_once('C:\\xampp\\htdocs\\praktikum-web\\public\\index.php')
CRITICAL - 2023-06-22 18:56:15 --> Invalid file: "profile.php"
in SYSTEMPATH\Exceptions\FrameworkException.php on line 33.
 1 SYSTEMPATH\View\View.php(201): CodeIgniter\Exceptions\FrameworkException::forInvalidFile('profile.php')
 2 SYSTEMPATH\Common.php(1184): CodeIgniter\View\View->render('profile', [], true)
 3 APPPATH\Controllers\Pages.php(11): view('profile')
 4 SYSTEMPATH\CodeIgniter.php(934): App\Controllers\Pages->profile()
 5 SYSTEMPATH\CodeIgniter.php(499): CodeIgniter\CodeIgniter->runController(Object(App\Controllers\Pages))
 6 SYSTEMPATH\CodeIgniter.php(368): CodeIgniter\CodeIgniter->handleRequest(null, Object(Config\Cache), false)
 7 FCPATH\index.php(67): CodeIgniter\CodeIgniter->run()
 8 SYSTEMPATH\Commands\Server\rewrite.php(47): require_once('C:\\xampp\\htdocs\\praktikum-web\\public\\index.php')
CRITICAL - 2023-06-22 18:56:16 --> Invalid file: "profile.php"
in SYSTEMPATH\Exceptions\FrameworkException.php on line 33.
 1 SYSTEMPATH\View\View.php(201): CodeIgniter\Exceptions\FrameworkException::forInvalidFile('profile.php')
 2 SYSTEMPATH\Common.php(1184): CodeIgniter\View\View->render('profile', [], true)
 3 APPPATH\Controllers\Pages.php(11): view('profile')
 4 SYSTEMPATH\CodeIgniter.php(934): App\Controllers\Pages->profile()
 5 SYSTEMPATH\CodeIgniter.php(499): CodeIgniter\CodeIgniter->runController(Object(App\Controllers\Pages))
 6 SYSTEMPATH\CodeIgniter.php(368): CodeIgniter\CodeIgniter->handleRequest(null, Object(Config\Cache), false)
 7 FCPATH\index.php(67): CodeIgniter\CodeIgniter->run()
 8 SYSTEMPATH\Commands\Server\rewrite.php(47): require_once('C:\\xampp\\htdocs\\praktikum-web\\public\\index.php')
CRITICAL - 2023-06-22 18:56:16 --> Invalid file: "profile.php"
in SYSTEMPATH\Exceptions\FrameworkException.php on line 33.
 1 SYSTEMPATH\View\View.php(201): CodeIgniter\Exceptions\FrameworkException::forInvalidFile('profile.php')
 2 SYSTEMPATH\Common.php(1184): CodeIgniter\View\View->render('profile', [], true)
 3 APPPATH\Controllers\Pages.php(11): view('profile')
 4 SYSTEMPATH\CodeIgniter.php(934): App\Controllers\Pages->profile()
 5 SYSTEMPATH\CodeIgniter.php(499): CodeIgniter\CodeIgniter->runController(Object(App\Controllers\Pages))
 6 SYSTEMPATH\CodeIgniter.php(368): CodeIgniter\CodeIgniter->handleRequest(null, Object(Config\Cache), false)
 7 FCPATH\index.php(67): CodeIgniter\CodeIgniter->run()
 8 SYSTEMPATH\Commands\Server\rewrite.php(47): require_once('C:\\xampp\\htdocs\\praktikum-web\\public\\index.php')
CRITICAL - 2023-06-22 19:05:49 --> Invalid file: "faras_32602100099.php"
in SYSTEMPATH\Exceptions\FrameworkException.php on line 33.
 1 SYSTEMPATH\View\View.php(201): CodeIgniter\Exceptions\FrameworkException::forInvalidFile('faras_32602100099.php')
 2 SYSTEMPATH\Common.php(1184): CodeIgniter\View\View->render('faras_32602100099', [], true)
 3 APPPATH\Controllers\LayoutingController.php(9): view('faras_32602100099')
 4 SYSTEMPATH\CodeIgniter.php(934): App\Controllers\LayoutingController->index()
 5 SYSTEMPATH\CodeIgniter.php(499): CodeIgniter\CodeIgniter->runController(Object(App\Controllers\LayoutingController))
 6 SYSTEMPATH\CodeIgniter.php(368): CodeIgniter\CodeIgniter->handleRequest(null, Object(Config\Cache), false)
 7 FCPATH\index.php(67): CodeIgniter\CodeIgniter->run()
 8 SYSTEMPATH\Commands\Server\rewrite.php(47): require_once('C:\\xampp\\htdocs\\praktikum-web\\public\\index.php')
CRITICAL - 2023-06-22 19:05:53 --> Invalid file: "faras_32602100099.php"
in SYSTEMPATH\Exceptions\FrameworkException.php on line 33.
 1 SYSTEMPATH\View\View.php(201): CodeIgniter\Exceptions\FrameworkException::forInvalidFile('faras_32602100099.php')
 2 SYSTEMPATH\Common.php(1184): CodeIgniter\View\View->render('faras_32602100099', [], true)
 3 APPPATH\Controllers\LayoutingController.php(9): view('faras_32602100099')
 4 SYSTEMPATH\CodeIgniter.php(934): App\Controllers\LayoutingController->index()
 5 SYSTEMPATH\CodeIgniter.php(499): CodeIgniter\CodeIgniter->runController(Object(App\Controllers\LayoutingController))
 6 SYSTEMPATH\CodeIgniter.php(368): CodeIgniter\CodeIgniter->handleRequest(null, Object(Config\Cache), false)
 7 FCPATH\index.php(67): CodeIgniter\CodeIgniter->run()
 8 SYSTEMPATH\Commands\Server\rewrite.php(47): require_once('C:\\xampp\\htdocs\\praktikum-web\\public\\index.php')
CRITICAL - 2023-06-22 19:05:56 --> Invalid file: "faras_32602100099.php"
in SYSTEMPATH\Exceptions\FrameworkException.php on line 33.
 1 SYSTEMPATH\View\View.php(201): CodeIgniter\Exceptions\FrameworkException::forInvalidFile('faras_32602100099.php')
 2 SYSTEMPATH\Common.php(1184): CodeIgniter\View\View->render('faras_32602100099', [], true)
 3 APPPATH\Controllers\LayoutingController.php(9): view('faras_32602100099')
 4 SYSTEMPATH\CodeIgniter.php(934): App\Controllers\LayoutingController->index()
 5 SYSTEMPATH\CodeIgniter.php(499): CodeIgniter\CodeIgniter->runController(Object(App\Controllers\LayoutingController))
 6 SYSTEMPATH\CodeIgniter.php(368): CodeIgniter\CodeIgniter->handleRequest(null, Object(Config\Cache), false)
 7 FCPATH\index.php(67): CodeIgniter\CodeIgniter->run()
 8 SYSTEMPATH\Commands\Server\rewrite.php(47): require_once('C:\\xampp\\htdocs\\praktikum-web\\public\\index.php')
CRITICAL - 2023-06-22 19:05:56 --> Invalid file: "faras_32602100099.php"
in SYSTEMPATH\Exceptions\FrameworkException.php on line 33.
 1 SYSTEMPATH\View\View.php(201): CodeIgniter\Exceptions\FrameworkException::forInvalidFile('faras_32602100099.php')
 2 SYSTEMPATH\Common.php(1184): CodeIgniter\View\View->render('faras_32602100099', [], true)
 3 APPPATH\Controllers\LayoutingController.php(9): view('faras_32602100099')
 4 SYSTEMPATH\CodeIgniter.php(934): App\Controllers\LayoutingController->index()
 5 SYSTEMPATH\CodeIgniter.php(499): CodeIgniter\CodeIgniter->runController(Object(App\Controllers\LayoutingController))
 6 SYSTEMPATH\CodeIgniter.php(368): CodeIgniter\CodeIgniter->handleRequest(null, Object(Config\Cache), false)
 7 FCPATH\index.php(67): CodeIgniter\CodeIgniter->run()
 8 SYSTEMPATH\Commands\Server\rewrite.php(47): require_once('C:\\xampp\\htdocs\\praktikum-web\\public\\index.php')
CRITICAL - 2023-06-22 19:17:49 --> Invalid file: "faras_32602100099.php"
in SYSTEMPATH\Exceptions\FrameworkException.php on line 33.
 1 SYSTEMPATH\View\View.php(201): CodeIgniter\Exceptions\FrameworkException::forInvalidFile('faras_32602100099.php')
 2 SYSTEMPATH\Common.php(1184): CodeIgniter\View\View->render('faras_32602100099', [], true)
 3 APPPATH\Controllers\LayoutingController.php(9): view('faras_32602100099')
 4 SYSTEMPATH\CodeIgniter.php(934): App\Controllers\LayoutingController->index()
 5 SYSTEMPATH\CodeIgniter.php(499): CodeIgniter\CodeIgniter->runController(Object(App\Controllers\LayoutingController))
 6 SYSTEMPATH\CodeIgniter.php(368): CodeIgniter\CodeIgniter->handleRequest(null, Object(Config\Cache), false)
 7 FCPATH\index.php(67): CodeIgniter\CodeIgniter->run()
 8 SYSTEMPATH\Commands\Server\rewrite.php(47): require_once('C:\\xampp\\htdocs\\praktikum-web\\public\\index.php')
CRITICAL - 2023-06-22 19:17:50 --> Invalid file: "faras_32602100099.php"
in SYSTEMPATH\Exceptions\FrameworkException.php on line 33.
 1 SYSTEMPATH\View\View.php(201): CodeIgniter\Exceptions\FrameworkException::forInvalidFile('faras_32602100099.php')
 2 SYSTEMPATH\Common.php(1184): CodeIgniter\View\View->render('faras_32602100099', [], true)
 3 APPPATH\Controllers\LayoutingController.php(9): view('faras_32602100099')
 4 SYSTEMPATH\CodeIgniter.php(934): App\Controllers\LayoutingController->index()
 5 SYSTEMPATH\CodeIgniter.php(499): CodeIgniter\CodeIgniter->runController(Object(App\Controllers\LayoutingController))
 6 SYSTEMPATH\CodeIgniter.php(368): CodeIgniter\CodeIgniter->handleRequest(null, Object(Config\Cache), false)
 7 FCPATH\index.php(67): CodeIgniter\CodeIgniter->run()
 8 SYSTEMPATH\Commands\Server\rewrite.php(47): require_once('C:\\xampp\\htdocs\\praktikum-web\\public\\index.php')
CRITICAL - 2023-06-22 19:17:53 --> Invalid file: "faras_32602100099.php"
in SYSTEMPATH\Exceptions\FrameworkException.php on line 33.
 1 SYSTEMPATH\View\View.php(201): CodeIgniter\Exceptions\FrameworkException::forInvalidFile('faras_32602100099.php')
 2 SYSTEMPATH\Common.php(1184): CodeIgniter\View\View->render('faras_32602100099', [], true)
 3 APPPATH\Controllers\LayoutingController.php(9): view('faras_32602100099')
 4 SYSTEMPATH\CodeIgniter.php(934): App\Controllers\LayoutingController->index()
 5 SYSTEMPATH\CodeIgniter.php(499): CodeIgniter\CodeIgniter->runController(Object(App\Controllers\LayoutingController))
 6 SYSTEMPATH\CodeIgniter.php(368): CodeIgniter\CodeIgniter->handleRequest(null, Object(Config\Cache), false)
 7 FCPATH\index.php(67): CodeIgniter\CodeIgniter->run()
 8 SYSTEMPATH\Commands\Server\rewrite.php(47): require_once('C:\\xampp\\htdocs\\praktikum-web\\public\\index.php')
CRITICAL - 2023-06-22 19:17:54 --> Invalid file: "faras_32602100099.php"
in SYSTEMPATH\Exceptions\FrameworkException.php on line 33.
 1 SYSTEMPATH\View\View.php(201): CodeIgniter\Exceptions\FrameworkException::forInvalidFile('faras_32602100099.php')
 2 SYSTEMPATH\Common.php(1184): CodeIgniter\View\View->render('faras_32602100099', [], true)
 3 APPPATH\Controllers\LayoutingController.php(9): view('faras_32602100099')
 4 SYSTEMPATH\CodeIgniter.php(934): App\Controllers\LayoutingController->index()
 5 SYSTEMPATH\CodeIgniter.php(499): CodeIgniter\CodeIgniter->runController(Object(App\Controllers\LayoutingController))
 6 SYSTEMPATH\CodeIgniter.php(368): CodeIgniter\CodeIgniter->handleRequest(null, Object(Config\Cache), false)
 7 FCPATH\index.php(67): CodeIgniter\CodeIgniter->run()
 8 SYSTEMPATH\Commands\Server\rewrite.php(47): require_once('C:\\xampp\\htdocs\\praktikum-web\\public\\index.php')
CRITICAL - 2023-06-22 19:25:47 --> Invalid file: "reysita_32602100110.php"
in SYSTEMPATH\Exceptions\FrameworkException.php on line 33.
 1 SYSTEMPATH\View\View.php(201): CodeIgniter\Exceptions\FrameworkException::forInvalidFile('reysita_32602100110.php')
 2 SYSTEMPATH\Common.php(1184): CodeIgniter\View\View->render('reysita_32602100110', [], true)
 3 APPPATH\Controllers\LayoutingController.php(9): view('reysita_32602100110')
 4 SYSTEMPATH\CodeIgniter.php(934): App\Controllers\LayoutingController->index()
 5 SYSTEMPATH\CodeIgniter.php(499): CodeIgniter\CodeIgniter->runController(Object(App\Controllers\LayoutingController))
 6 SYSTEMPATH\CodeIgniter.php(368): CodeIgniter\CodeIgniter->handleRequest(null, Object(Config\Cache), false)
 7 FCPATH\index.php(67): CodeIgniter\CodeIgniter->run()
 8 SYSTEMPATH\Commands\Server\rewrite.php(47): require_once('C:\\xampp\\htdocs\\praktikum-web\\public\\index.php')
CRITICAL - 2023-06-22 19:25:49 --> Invalid file: "reysita_32602100110.php"
in SYSTEMPATH\Exceptions\FrameworkException.php on line 33.
 1 SYSTEMPATH\View\View.php(201): CodeIgniter\Exceptions\FrameworkException::forInvalidFile('reysita_32602100110.php')
 2 SYSTEMPATH\Common.php(1184): CodeIgniter\View\View->render('reysita_32602100110', [], true)
 3 APPPATH\Controllers\LayoutingController.php(9): view('reysita_32602100110')
 4 SYSTEMPATH\CodeIgniter.php(934): App\Controllers\LayoutingController->index()
 5 SYSTEMPATH\CodeIgniter.php(499): CodeIgniter\CodeIgniter->runController(Object(App\Controllers\LayoutingController))
 6 SYSTEMPATH\CodeIgniter.php(368): CodeIgniter\CodeIgniter->handleRequest(null, Object(Config\Cache), false)
 7 FCPATH\index.php(67): CodeIgniter\CodeIgniter->run()
 8 SYSTEMPATH\Commands\Server\rewrite.php(47): require_once('C:\\xampp\\htdocs\\praktikum-web\\public\\index.php')
CRITICAL - 2023-06-22 19:26:38 --> Invalid file: "faras_32602100099.php"
in SYSTEMPATH\Exceptions\FrameworkException.php on line 33.
 1 SYSTEMPATH\View\View.php(201): CodeIgniter\Exceptions\FrameworkException::forInvalidFile('faras_32602100099.php')
 2 SYSTEMPATH\Common.php(1184): CodeIgniter\View\View->render('faras_32602100099', [], true)
 3 APPPATH\Controllers\LayoutingController.php(9): view('faras_32602100099')
 4 SYSTEMPATH\CodeIgniter.php(934): App\Controllers\LayoutingController->index()
 5 SYSTEMPATH\CodeIgniter.php(499): CodeIgniter\CodeIgniter->runController(Object(App\Controllers\LayoutingController))
 6 SYSTEMPATH\CodeIgniter.php(368): CodeIgniter\CodeIgniter->handleRequest(null, Object(Config\Cache), false)
 7 FCPATH\index.php(67): CodeIgniter\CodeIgniter->run()
 8 SYSTEMPATH\Commands\Server\rewrite.php(47): require_once('C:\\xampp\\htdocs\\praktikum-web\\public\\index.php')
CRITICAL - 2023-06-22 19:26:39 --> Invalid file: "faras_32602100099.php"
in SYSTEMPATH\Exceptions\FrameworkException.php on line 33.
 1 SYSTEMPATH\View\View.php(201): CodeIgniter\Exceptions\FrameworkException::forInvalidFile('faras_32602100099.php')
 2 SYSTEMPATH\Common.php(1184): CodeIgniter\View\View->render('faras_32602100099', [], true)
 3 APPPATH\Controllers\LayoutingController.php(9): view('faras_32602100099')
 4 SYSTEMPATH\CodeIgniter.php(934): App\Controllers\LayoutingController->index()
 5 SYSTEMPATH\CodeIgniter.php(499): CodeIgniter\CodeIgniter->runController(Object(App\Controllers\LayoutingController))
 6 SYSTEMPATH\CodeIgniter.php(368): CodeIgniter\CodeIgniter->handleRequest(null, Object(Config\Cache), false)
 7 FCPATH\index.php(67): CodeIgniter\CodeIgniter->run()
 8 SYSTEMPATH\Commands\Server\rewrite.php(47): require_once('C:\\xampp\\htdocs\\praktikum-web\\public\\index.php')
CRITICAL - 2023-06-22 19:26:39 --> Invalid file: "faras_32602100099.php"
in SYSTEMPATH\Exceptions\FrameworkException.php on line 33.
 1 SYSTEMPATH\View\View.php(201): CodeIgniter\Exceptions\FrameworkException::forInvalidFile('faras_32602100099.php')
 2 SYSTEMPATH\Common.php(1184): CodeIgniter\View\View->render('faras_32602100099', [], true)
 3 APPPATH\Controllers\LayoutingController.php(9): view('faras_32602100099')
 4 SYSTEMPATH\CodeIgniter.php(934): App\Controllers\LayoutingController->index()
 5 SYSTEMPATH\CodeIgniter.php(499): CodeIgniter\CodeIgniter->runController(Object(App\Controllers\LayoutingController))
 6 SYSTEMPATH\CodeIgniter.php(368): CodeIgniter\CodeIgniter->handleRequest(null, Object(Config\Cache), false)
 7 FCPATH\index.php(67): CodeIgniter\CodeIgniter->run()
 8 SYSTEMPATH\Commands\Server\rewrite.php(47): require_once('C:\\xampp\\htdocs\\praktikum-web\\public\\index.php')
CRITICAL - 2023-06-22 19:26:40 --> Invalid file: "faras_32602100099.php"
in SYSTEMPATH\Exceptions\FrameworkException.php on line 33.
 1 SYSTEMPATH\View\View.php(201): CodeIgniter\Exceptions\FrameworkException::forInvalidFile('faras_32602100099.php')
 2 SYSTEMPATH\Common.php(1184): CodeIgniter\View\View->render('faras_32602100099', [], true)
 3 APPPATH\Controllers\LayoutingController.php(9): view('faras_32602100099')
 4 SYSTEMPATH\CodeIgniter.php(934): App\Controllers\LayoutingController->index()
 5 SYSTEMPATH\CodeIgniter.php(499): CodeIgniter\CodeIgniter->runController(Object(App\Controllers\LayoutingController))
 6 SYSTEMPATH\CodeIgniter.php(368): CodeIgniter\CodeIgniter->handleRequest(null, Object(Config\Cache), false)
 7 FCPATH\index.php(67): CodeIgniter\CodeIgniter->run()
 8 SYSTEMPATH\Commands\Server\rewrite.php(47): require_once('C:\\xampp\\htdocs\\praktikum-web\\public\\index.php')
CRITICAL - 2023-06-22 19:27:59 --> Invalid file: "faras_32602100099.php"
in SYSTEMPATH\Exceptions\FrameworkException.php on line 33.
 1 SYSTEMPATH\View\View.php(201): CodeIgniter\Exceptions\FrameworkException::forInvalidFile('faras_32602100099.php')
 2 SYSTEMPATH\Common.php(1184): CodeIgniter\View\View->render('faras_32602100099', [], true)
 3 APPPATH\Controllers\LayoutingController.php(9): view('faras_32602100099')
 4 SYSTEMPATH\CodeIgniter.php(934): App\Controllers\LayoutingController->index()
 5 SYSTEMPATH\CodeIgniter.php(499): CodeIgniter\CodeIgniter->runController(Object(App\Controllers\LayoutingController))
 6 SYSTEMPATH\CodeIgniter.php(368): CodeIgniter\CodeIgniter->handleRequest(null, Object(Config\Cache), false)
 7 FCPATH\index.php(67): CodeIgniter\CodeIgniter->run()
 8 SYSTEMPATH\Commands\Server\rewrite.php(47): require_once('C:\\xampp\\htdocs\\praktikum-web\\public\\index.php')
