CRITICAL - 2023-07-08 11:25:00 --> Invalid file: "profile.php"
in SYSTEMPATH\Exceptions\FrameworkException.php on line 33.
 1 SYSTEMPATH\View\View.php(201): CodeIgniter\Exceptions\FrameworkException::forInvalidFile('profile.php')
 2 SYSTEMPATH\Common.php(1184): CodeIgniter\View\View->render('profile', [], true)
 3 APPPATH\Controllers\Pages.php(11): view('profile')
 4 SYSTEMPATH\CodeIgniter.php(934): App\Controllers\Pages->profile()
 5 SYSTEMPATH\CodeIgniter.php(499): CodeIgniter\CodeIgniter->runController(Object(App\Controllers\Pages))
 6 SYSTEMPATH\CodeIgniter.php(368): CodeIgniter\CodeIgniter->handleRequest(null, Object(Config\Cache), false)
 7 FCPATH\index.php(67): CodeIgniter\CodeIgniter->run()
 8 SYSTEMPATH\Commands\Server\rewrite.php(47): require_once('C:\\xampp\\htdocs\\praktikum-web\\public\\index.php')
CRITICAL - 2023-07-08 11:25:11 --> Invalid file: "profile.php"
in SYSTEMPATH\Exceptions\FrameworkException.php on line 33.
 1 SYSTEMPATH\View\View.php(201): CodeIgniter\Exceptions\FrameworkException::forInvalidFile('profile.php')
 2 SYSTEMPATH\Common.php(1184): CodeIgniter\View\View->render('profile', [], true)
 3 APPPATH\Controllers\Pages.php(11): view('profile')
 4 SYSTEMPATH\CodeIgniter.php(934): App\Controllers\Pages->profile()
 5 SYSTEMPATH\CodeIgniter.php(499): CodeIgniter\CodeIgniter->runController(Object(App\Controllers\Pages))
 6 SYSTEMPATH\CodeIgniter.php(368): CodeIgniter\CodeIgniter->handleRequest(null, Object(Config\Cache), false)
 7 FCPATH\index.php(67): CodeIgniter\CodeIgniter->run()
 8 SYSTEMPATH\Commands\Server\rewrite.php(47): require_once('C:\\xampp\\htdocs\\praktikum-web\\public\\index.php')
CRITICAL - 2023-07-08 11:25:12 --> Invalid file: "profile.php"
in SYSTEMPATH\Exceptions\FrameworkException.php on line 33.
 1 SYSTEMPATH\View\View.php(201): CodeIgniter\Exceptions\FrameworkException::forInvalidFile('profile.php')
 2 SYSTEMPATH\Common.php(1184): CodeIgniter\View\View->render('profile', [], true)
 3 APPPATH\Controllers\Pages.php(11): view('profile')
 4 SYSTEMPATH\CodeIgniter.php(934): App\Controllers\Pages->profile()
 5 SYSTEMPATH\CodeIgniter.php(499): CodeIgniter\CodeIgniter->runController(Object(App\Controllers\Pages))
 6 SYSTEMPATH\CodeIgniter.php(368): CodeIgniter\CodeIgniter->handleRequest(null, Object(Config\Cache), false)
 7 FCPATH\index.php(67): CodeIgniter\CodeIgniter->run()
 8 SYSTEMPATH\Commands\Server\rewrite.php(47): require_once('C:\\xampp\\htdocs\\praktikum-web\\public\\index.php')
CRITICAL - 2023-07-08 11:25:21 --> Invalid file: "profile.php"
in SYSTEMPATH\Exceptions\FrameworkException.php on line 33.
 1 SYSTEMPATH\View\View.php(201): CodeIgniter\Exceptions\FrameworkException::forInvalidFile('profile.php')
 2 SYSTEMPATH\Common.php(1184): CodeIgniter\View\View->render('profile', [], true)
 3 APPPATH\Controllers\Pages.php(11): view('profile')
 4 SYSTEMPATH\CodeIgniter.php(934): App\Controllers\Pages->profile()
 5 SYSTEMPATH\CodeIgniter.php(499): CodeIgniter\CodeIgniter->runController(Object(App\Controllers\Pages))
 6 SYSTEMPATH\CodeIgniter.php(368): CodeIgniter\CodeIgniter->handleRequest(null, Object(Config\Cache), false)
 7 FCPATH\index.php(67): CodeIgniter\CodeIgniter->run()
 8 SYSTEMPATH\Commands\Server\rewrite.php(47): require_once('C:\\xampp\\htdocs\\praktikum-web\\public\\index.php')
